#
# There is insufficient memory for the Java Runtime Environment to continue.
# Native memory allocation (mmap) failed to map 4128768 bytes for G1 virtual space
# Possible reasons:
#   The system is out of physical RAM or swap space
#   The process is running with CompressedOops enabled, and the Java Heap may be blocking the growth of the native heap
# Possible solutions:
#   Reduce memory load on the system
#   Increase physical memory or swap space
#   Check if swap backing store is full
#   Decrease Java heap size (-Xmx/-Xms)
#   Decrease number of Java threads
#   Decrease Java thread stack sizes (-Xss)
#   Set larger code cache with -XX:ReservedCodeCacheSize=
#   JVM is running with Zero Based Compressed Oops mode in which the Java heap is
#     placed in the first 32GB address space. The Java Heap base address is the
#     maximum limit for the native heap growth. Please use -XX:HeapBaseMinAddress
#     to set the Java Heap base and to place the Java Heap above 32GB virtual address.
# This output file may be truncated or incomplete.
#
#  Out of Memory Error (os_windows.cpp:3825), pid=4624, tid=20016
#
# JRE version:  (17.0.9) (build )
# Java VM: OpenJDK 64-Bit Server VM (17.0.9+0--11185874, mixed mode, sharing, tiered, compressed oops, compressed class ptrs, g1 gc, windows-amd64)
# No core dump will be written. Minidumps are not enabled by default on client versions of Windows
#

---------------  S U M M A R Y ------------

Command Line: org.jetbrains.kotlin.cli.jvm.K2JVMCompiler @C:\Users\toler\WhiteBus_db\White_Bus_Demo\app\build\20240507_3737753271449671859.compiler.options

Host: 12th Gen Intel(R) Core(TM) i5-1240P, 16 cores, 15G,  Windows 11 , 64 bit Build 22621 (10.0.22621.3374)
Time: Tue May  7 13:06:07 2024  Windows 11 , 64 bit Build 22621 (10.0.22621.3374) elapsed time: 0.019603 seconds (0d 0h 0m 0s)

---------------  T H R E A D  ---------------

Current thread (0x00000253cc9cad40):  JavaThread "Unknown thread" [_thread_in_vm, id=20016, stack(0x0000007c82f00000,0x0000007c83000000)]

Stack: [0x0000007c82f00000,0x0000007c83000000]
Native frames: (J=compiled Java code, j=interpreted, Vv=VM code, C=native code)
V  [jvm.dll+0x6886e9]
V  [jvm.dll+0x841e4a]
V  [jvm.dll+0x843a8e]
V  [jvm.dll+0x8440f3]
V  [jvm.dll+0x24c14f]
V  [jvm.dll+0x685499]
V  [jvm.dll+0x679c2a]
V  [jvm.dll+0x30cf9b]
V  [jvm.dll+0x314446]
V  [jvm.dll+0x364288]
V  [jvm.dll+0x36448f]
V  [jvm.dll+0x2e2d68]
V  [jvm.dll+0x2e3cd4]
V  [jvm.dll+0x8129f1]
V  [jvm.dll+0x3720c1]
V  [jvm.dll+0x7f152c]
V  [jvm.dll+0x3f5d4f]
V  [jvm.dll+0x3f7981]
C  [jli.dll+0x528f]
C  [ucrtbase.dll+0x29333]
C  [KERNEL32.DLL+0x1257d]
C  [ntdll.dll+0x5aa48]


---------------  P R O C E S S  ---------------

Threads class SMR info:
_java_thread_list=0x00007fff14a9ef18, length=0, elements={
}

Java Threads: ( => current thread )

Other Threads:
  0x00000253cca388d0 GCTaskThread "GC Thread#0" [stack: 0x0000007c83000000,0x0000007c83100000] [id=22560]
  0x00000253cca4a180 ConcurrentGCThread "G1 Main Marker" [stack: 0x0000007c83100000,0x0000007c83200000] [id=40008]
  0x00000253cca4aab0 ConcurrentGCThread "G1 Conc#0" [stack: 0x0000007c83200000,0x0000007c83300000] [id=11760]

[error occurred during error reporting (printing all threads), id 0xc0000005, EXCEPTION_ACCESS_VIOLATION (0xc0000005) at pc=0x00007fff14253937]

VM state: not at safepoint (not fully initialized)

VM Mutex/Monitor currently owned by a thread:  ([mutex/lock_event])
[0x00000253cc9c67a0] Heap_lock - owner thread: 0x00000253cc9cad40

Heap address: 0x0000000705c00000, size: 4004 MB, Compressed Oops mode: Zero based, Oop shift amount: 3

CDS archive(s) mapped at: [0x0000000000000000-0x0000000000000000-0x0000000000000000), size 0, SharedBaseAddress: 0x0000000800000000, ArchiveRelocationMode: 1.
Narrow klass base: 0x0000000000000000, Narrow klass shift: 0, Narrow klass range: 0x0

GC Precious Log:
<Empty>

Heap:
 garbage-first heap   total 0K, used 0K [0x0000000705c00000, 0x0000000800000000)
  region size 2048K, 0 young (0K), 0 survivors (0K)
 Metaspace       used 0K, committed 0K, reserved 0K
  class space    used 0K, committed 0K, reserved 0K

Heap Regions: E=young(eden), S=young(survivor), O=old, HS=humongous(starts), HC=humongous(continues), CS=collection set, F=free, OA=open archive, CA=closed archive, TAMS=top-at-mark-start (previous, next)

Card table byte_map: [0x00000253dff00000,0x00000253e06e0000] _byte_map_base: 0x00000253dc6d2000

Marking Bits (Prev, Next): (CMBitMap*) 0x00000253cca39e10, (CMBitMap*) 0x00000253cca39e50
 Prev Bits: [0x00000253e0ec0000, 0x00000253e4d50000)
 Next Bits: [0x00000253e4d50000, 0x00000253e8be0000)

GC Heap History (0 events):
No events

Dll operation events (1 events):
Event: 0.014 Loaded shared library C:\Program Files\Android\Android Studio1\jbr\bin\java.dll

Deoptimization events (0 events):
No events

Classes unloaded (0 events):
No events

Classes redefined (0 events):
No events

Internal exceptions (0 events):
No events

VM Operations (0 events):
No events

Events (0 events):
No events


Dynamic libraries:
0x00007ff7ccae0000 - 0x00007ff7ccaea000 	C:\Program Files\Android\Android Studio1\jbr\bin\java.exe
0x00007fffb7210000 - 0x00007fffb7426000 	C:\WINDOWS\SYSTEM32\ntdll.dll
0x00007fffb4fc0000 - 0x00007fffb5084000 	C:\WINDOWS\System32\KERNEL32.DLL
0x00007fffb48e0000 - 0x00007fffb4c87000 	C:\WINDOWS\System32\KERNELBASE.dll
0x00007fffb4530000 - 0x00007fffb4641000 	C:\WINDOWS\System32\ucrtbase.dll
0x00007fff9bbb0000 - 0x00007fff9bbcb000 	C:\Program Files\Android\Android Studio1\jbr\bin\VCRUNTIME140.dll
0x00007fff9a520000 - 0x00007fff9a537000 	C:\Program Files\Android\Android Studio1\jbr\bin\jli.dll
0x00007fffb6770000 - 0x00007fffb691e000 	C:\WINDOWS\System32\USER32.dll
0x00007fffb4710000 - 0x00007fffb4736000 	C:\WINDOWS\System32\win32u.dll
0x00007fffb71a0000 - 0x00007fffb71c9000 	C:\WINDOWS\System32\GDI32.dll
0x00007fffb4740000 - 0x00007fffb4859000 	C:\WINDOWS\System32\gdi32full.dll
0x00007fffb4c90000 - 0x00007fffb4d2a000 	C:\WINDOWS\System32\msvcp_win.dll
0x00007fff915b0000 - 0x00007fff91843000 	C:\WINDOWS\WinSxS\amd64_microsoft.windows.common-controls_6595b64144ccf1df_6.0.22621.3235_none_270f74e173860f98\COMCTL32.dll
0x00007fffb5090000 - 0x00007fffb5137000 	C:\WINDOWS\System32\msvcrt.dll
0x00007fffb59e0000 - 0x00007fffb5a11000 	C:\WINDOWS\System32\IMM32.DLL
0x00007fffacd90000 - 0x00007fffacd9c000 	C:\Program Files\Android\Android Studio1\jbr\bin\vcruntime140_1.dll
0x00007fff7cec0000 - 0x00007fff7cf4d000 	C:\Program Files\Android\Android Studio1\jbr\bin\msvcp140.dll
0x00007fff13f60000 - 0x00007fff14be3000 	C:\Program Files\Android\Android Studio1\jbr\bin\server\jvm.dll
0x00007fffb6060000 - 0x00007fffb6112000 	C:\WINDOWS\System32\ADVAPI32.dll
0x00007fffb6120000 - 0x00007fffb61c8000 	C:\WINDOWS\System32\sechost.dll
0x00007fffb4ea0000 - 0x00007fffb4ec8000 	C:\WINDOWS\System32\bcrypt.dll
0x00007fffb5d80000 - 0x00007fffb5e95000 	C:\WINDOWS\System32\RPCRT4.dll
0x00007fffb33d0000 - 0x00007fffb341d000 	C:\WINDOWS\SYSTEM32\POWRPROF.dll
0x00007fffa9ce0000 - 0x00007fffa9ce9000 	C:\WINDOWS\SYSTEM32\WSOCK32.dll
0x00007fffa88a0000 - 0x00007fffa88d4000 	C:\WINDOWS\SYSTEM32\WINMM.dll
0x00007fffb5b20000 - 0x00007fffb5b91000 	C:\WINDOWS\System32\WS2_32.dll
0x00007fffa87a0000 - 0x00007fffa87aa000 	C:\WINDOWS\SYSTEM32\VERSION.dll
0x00007fffb33b0000 - 0x00007fffb33c3000 	C:\WINDOWS\SYSTEM32\UMPDC.dll
0x00007fffb3660000 - 0x00007fffb3678000 	C:\WINDOWS\SYSTEM32\kernel.appcore.dll
0x00007fffa8a60000 - 0x00007fffa8a6a000 	C:\Program Files\Android\Android Studio1\jbr\bin\jimage.dll
0x00007fffb1cd0000 - 0x00007fffb1f03000 	C:\WINDOWS\SYSTEM32\DBGHELP.DLL
0x00007fffb51c0000 - 0x00007fffb5548000 	C:\WINDOWS\System32\combase.dll
0x00007fffb5c00000 - 0x00007fffb5cd7000 	C:\WINDOWS\System32\OLEAUT32.dll
0x00007fffa0860000 - 0x00007fffa0892000 	C:\WINDOWS\SYSTEM32\dbgcore.DLL
0x00007fffb4860000 - 0x00007fffb48d9000 	C:\WINDOWS\System32\bcryptPrimitives.dll
0x00007fff9f570000 - 0x00007fff9f595000 	C:\Program Files\Android\Android Studio1\jbr\bin\java.dll

dbghelp: loaded successfully - version: 4.0.5 - missing functions: none
symbol engine: initialized successfully - sym options: 0x614 - pdb path: .;C:\Program Files\Android\Android Studio1\jbr\bin;C:\WINDOWS\SYSTEM32;C:\WINDOWS\WinSxS\amd64_microsoft.windows.common-controls_6595b64144ccf1df_6.0.22621.3235_none_270f74e173860f98;C:\Program Files\Android\Android Studio1\jbr\bin\server

VM Arguments:
java_command: org.jetbrains.kotlin.cli.jvm.K2JVMCompiler @C:\Users\toler\WhiteBus_db\White_Bus_Demo\app\build\20240507_3737753271449671859.compiler.options
java_class_path (initial): C:\Users\toler\.gradle\caches\modules-2\files-2.1\org.jetbrains.kotlin\kotlin-compiler-embeddable\1.9.0\2c8c3a7402becca891f12739b3e9fd2dc2adbd7a\kotlin-compiler-embeddable-1.9.0.jar;C:\Users\toler\.gradle\caches\modules-2\files-2.1\org.jetbrains.kotlin\kotlin-stdlib\1.9.0\8ee15ef0c67dc83d874f412d84378d7f0eb50b63\kotlin-stdlib-1.9.0.jar;C:\Users\toler\.gradle\caches\modules-2\files-2.1\org.jetbrains.kotlin\kotlin-script-runtime\1.9.0\4b3102cbbb7e1b58d9d1adf89563f00069ffa7d1\kotlin-script-runtime-1.9.0.jar;C:\Users\toler\.gradle\caches\modules-2\files-2.1\org.jetbrains.kotlin\kotlin-reflect\1.6.10\1cbe9c92c12a94eea200d23c2bbaedaf3daf5132\kotlin-reflect-1.6.10.jar;C:\Users\toler\.gradle\caches\modules-2\files-2.1\org.jetbrains.kotlin\kotlin-daemon-embeddable\1.9.0\186543f5e28cf8d9a0290fecc2cf34301c40a65c\kotlin-daemon-embeddable-1.9.0.jar;C:\Users\toler\.gradle\caches\modules-2\files-2.1\org.jetbrains.intellij.deps\trove4j\1.0.20200330\3afb14d5f9ceb459d724e907a21145e8ff394f02\trove4j-1.0.20200330.jar;C:\Users\toler\.gradle\caches\modules-2\files-2.1\org.jetbrains.kotlin\kotlin-stdlib-common\1.9.0\cd65c21cfd1eec4d44ef09f9f52b6d9f8a720636\kotlin-stdlib-common-1.9.0.jar;C:\Users\toler\.gradle\caches\modules-2\files-2.1\org.jetbrains\annotations\13.0\919f0dfe192fb4e063e7dacadee7f8bb9a2672a9\annotations-13.0.jar
Launcher Type: SUN_STANDARD

[Global flags]
     intx CICompilerCount                          = 12                                        {product} {ergonomic}
     uint ConcGCThreads                            = 3                                         {product} {ergonomic}
     uint G1ConcRefinementThreads                  = 13                                        {product} {ergonomic}
   size_t G1HeapRegionSize                         = 2097152                                   {product} {ergonomic}
    uintx GCDrainStackTargetSize                   = 64                                        {product} {ergonomic}
   size_t InitialHeapSize                          = 264241152                                 {product} {ergonomic}
   size_t MarkStackSize                            = 4194304                                   {product} {ergonomic}
   size_t MaxHeapSize                              = 4198498304                                {product} {ergonomic}
   size_t MinHeapDeltaBytes                        = 2097152                                   {product} {ergonomic}
   size_t MinHeapSize                              = 8388608                                   {product} {ergonomic}
    uintx NonNMethodCodeHeapSize                   = 7602480                                {pd product} {ergonomic}
    uintx NonProfiledCodeHeapSize                  = 122027880                              {pd product} {ergonomic}
    uintx ProfiledCodeHeapSize                     = 122027880                              {pd product} {ergonomic}
    uintx ReservedCodeCacheSize                    = 251658240                              {pd product} {ergonomic}
     bool SegmentedCodeCache                       = true                                      {product} {ergonomic}
   size_t SoftMaxHeapSize                          = 4198498304                             {manageable} {ergonomic}
     bool UseCompressedClassPointers               = true                           {product lp64_product} {ergonomic}
     bool UseCompressedOops                        = true                           {product lp64_product} {ergonomic}
     bool UseG1GC                                  = true                                      {product} {ergonomic}
     bool UseLargePagesIndividualAllocation        = false                                  {pd product} {ergonomic}

Logging:
Log output configuration:
 #0: stdout all=warning uptime,level,tags
 #1: stderr all=off uptime,level,tags

Environment Variables:
JAVA_HOME=C:\Program Files\Java\jdk-19
PATH=C:\Program Files (x86)\VMware\VMware Player\bin\;C:\Program Files\Common Files\Oracle\Java\javapath;C:\Program Files\Java\jdk-19\bin;C:\WINDOWS\system32;C:\WINDOWS;C:\WINDOWS\System32\Wbem;C:\WINDOWS\System32\WindowsPowerShell\v1.0\;C:\WINDOWS\System32\OpenSSH\;C:\Program Files\nodejs\;C:\Program Files\Git\cmd;C:\Program Files\openssl-0.9.8e_X64\bin;C:\Users\toler\AppData\Local\Microsoft\WindowsApps;C:\Users\toler\OneDrive\πŸ≈¡ »≠∏È\flutter\bin;C:\Users\toler\AppData\Roaming\npm;C:\Users\toler\AppData\Local\Programs\Microsoft VS Code\bin;C:\Program Files\JetBrains\IntelliJ IDEA Community Edition 2023.2.5\bin;;C:\Users\toler\OneDrive\πŸ≈¡ »≠∏È\FLUTTER\flutter\bin;C:\Users\toler\AppData\Local\GitHubDesktop\bin
USERNAME=toler
OS=Windows_NT
PROCESSOR_IDENTIFIER=Intel64 Family 6 Model 154 Stepping 3, GenuineIntel
TMP=C:\Users\toler\AppData\Local\Temp
TEMP=C:\Users\toler\AppData\Local\Temp



Periodic native trim disabled

JNI global refs:
JNI global refs: 0, weak refs: 0

JNI global refs memory usage: 0, weak refs: 0

OOME stack traces (most recent first):
Classloader memory used:


---------------  S Y S T E M  ---------------

OS:
 Windows 11 , 64 bit Build 22621 (10.0.22621.3374)
OS uptime: 10 days 19:46 hours

CPU: total 16 (initial active 16) (8 cores per cpu, 2 threads per core) family 6 model 154 stepping 3 microcode 0x423, cx8, cmov, fxsr, ht, mmx, 3dnowpref, sse, sse2, sse3, ssse3, sse4.1, sse4.2, popcnt, lzcnt, tsc, tscinvbit, avx, avx2, aes, erms, clmul, bmi1, bmi2, adx, sha, fma, vzeroupper, clflush, clflushopt, clwb
Processor Information for processor 0
  Max Mhz: 1700, Current Mhz: 1700, Mhz Limit: 1700
Processor Information for processor 1
  Max Mhz: 1700, Current Mhz: 1700, Mhz Limit: 1700
Processor Information for processor 2
  Max Mhz: 1700, Current Mhz: 1700, Mhz Limit: 1700
Processor Information for processor 3
  Max Mhz: 1700, Current Mhz: 1700, Mhz Limit: 1700
Processor Information for processor 4
  Max Mhz: 1700, Current Mhz: 1700, Mhz Limit: 1700
Processor Information for processor 5
  Max Mhz: 1700, Current Mhz: 1700, Mhz Limit: 1700
Processor Information for processor 6
  Max Mhz: 1700, Current Mhz: 1700, Mhz Limit: 1700
Processor Information for processor 7
  Max Mhz: 1700, Current Mhz: 1700, Mhz Limit: 1700
Processor Information for processor 8
  Max Mhz: 1700, Current Mhz: 1200, Mhz Limit: 1190
Processor Information for processor 9
  Max Mhz: 1700, Current Mhz: 1200, Mhz Limit: 1190
Processor Information for processor 10
  Max Mhz: 1700, Current Mhz: 1200, Mhz Limit: 1190
Processor Information for processor 11
  Max Mhz: 1700, Current Mhz: 1200, Mhz Limit: 1190
Processor Information for processor 12
  Max Mhz: 1700, Current Mhz: 1200, Mhz Limit: 1190
Processor Information for processor 13
  Max Mhz: 1700, Current Mhz: 1200, Mhz Limit: 1190
Processor Information for processor 14
  Max Mhz: 1700, Current Mhz: 1200, Mhz Limit: 1190
Processor Information for processor 15
  Max Mhz: 1700, Current Mhz: 1200, Mhz Limit: 1190

Memory: 4k page, system-wide physical 16010M (2127M free)
TotalPageFile size 65162M (AvailPageFile size 8M)
current process WorkingSet (physical memory assigned to process): 11M, peak: 11M
current process commit charge ("private bytes"): 327M, peak: 331M

vm_info: OpenJDK 64-Bit Server VM (17.0.9+0--11185874) for windows-amd64 JRE (17.0.9+0--11185874), built on Dec  6 2023 18:57:44 by "androidbuild" with MS VC++ 16.10 / 16.11 (VS2019)

END.
