#
# There is insufficient memory for the Java Runtime Environment to continue.
# Native memory allocation (malloc) failed to allocate 1063616 bytes for Chunk::new
# Possible reasons:
#   The system is out of physical RAM or swap space
#   The process is running with CompressedOops enabled, and the Java Heap may be blocking the growth of the native heap
# Possible solutions:
#   Reduce memory load on the system
#   Increase physical memory or swap space
#   Check if swap backing store is full
#   Decrease Java heap size (-Xmx/-Xms)
#   Decrease number of Java threads
#   Decrease Java thread stack sizes (-Xss)
#   Set larger code cache with -XX:ReservedCodeCacheSize=
#   JVM is running with Zero Based Compressed Oops mode in which the Java heap is
#     placed in the first 32GB address space. The Java Heap base address is the
#     maximum limit for the native heap growth. Please use -XX:HeapBaseMinAddress
#     to set the Java Heap base and to place the Java Heap above 32GB virtual address.
# This output file may be truncated or incomplete.
#
#  Out of Memory Error (arena.cpp:191), pid=30336, tid=35004
#
# JRE version: OpenJDK Runtime Environment (17.0.9) (build 17.0.9+0--11185874)
# Java VM: OpenJDK 64-Bit Server VM (17.0.9+0--11185874, mixed mode, tiered, compressed oops, compressed class ptrs, g1 gc, windows-amd64)
# No core dump will be written. Minidumps are not enabled by default on client versions of Windows
#

---------------  S U M M A R Y ------------

Command Line: org.jetbrains.kotlin.cli.jvm.K2JVMCompiler @C:\Users\toler\WhiteBus_db\White_Bus_Demo\app\build\20240507_15761984873040278336.compiler.options

Host: 12th Gen Intel(R) Core(TM) i5-1240P, 16 cores, 15G,  Windows 11 , 64 bit Build 22621 (10.0.22621.3374)
Time: Tue May  7 13:05:39 2024  Windows 11 , 64 bit Build 22621 (10.0.22621.3374) elapsed time: 4.574026 seconds (0d 0h 0m 4s)

---------------  T H R E A D  ---------------

Current thread (0x0000014735379280):  JavaThread "C2 CompilerThread1" daemon [_thread_in_native, id=35004, stack(0x0000000aecf00000,0x0000000aed000000)]


Current CompileTask:
C2:   4574 7671       4       java.lang.ClassLoader::loadClass (7 bytes)

Stack: [0x0000000aecf00000,0x0000000aed000000]
Native frames: (J=compiled Java code, j=interpreted, Vv=VM code, C=native code)
V  [jvm.dll+0x6886e9]
V  [jvm.dll+0x841e4a]
V  [jvm.dll+0x843a8e]
V  [jvm.dll+0x8440f3]
V  [jvm.dll+0x24c14f]
V  [jvm.dll+0xac44c]
V  [jvm.dll+0xaca9c]
V  [jvm.dll+0x2b376f]
V  [jvm.dll+0x590767]
V  [jvm.dll+0x226762]
V  [jvm.dll+0x226b4f]
V  [jvm.dll+0x21fc76]
V  [jvm.dll+0x21d0c1]
V  [jvm.dll+0x1a674d]
V  [jvm.dll+0x22d088]
V  [jvm.dll+0x22b1c0]
V  [jvm.dll+0x7f62f7]
V  [jvm.dll+0x7f06aa]
V  [jvm.dll+0x687565]
C  [ucrtbase.dll+0x29333]
C  [KERNEL32.DLL+0x1257d]
C  [ntdll.dll+0x5aa48]


---------------  P R O C E S S  ---------------

Threads class SMR info:
_java_thread_list=0x000001473a8c28b0, length=21, elements={
0x0000014715e0f770, 0x00000147351a0280, 0x00000147351a1010, 0x00000147351ef440,
0x00000147351f20e0, 0x00000147351f3b20, 0x00000147351f4a00, 0x00000147351f76c0,
0x00000147351fb990, 0x00000147352042b0, 0x00000147353423b0, 0x000001473534f730,
0x00000147353556e0, 0x00000147353678a0, 0x0000014735379280, 0x00000147357115e0,
0x000001473a151960, 0x000001473a65b030, 0x000001473a65b580, 0x000001473be1ab00,
0x000001473be1d030
}

Java Threads: ( => current thread )
  0x0000014715e0f770 JavaThread "main" [_thread_in_vm, id=43844, stack(0x0000000aeba00000,0x0000000aebb00000)]
  0x00000147351a0280 JavaThread "Reference Handler" daemon [_thread_blocked, id=45384, stack(0x0000000aec100000,0x0000000aec200000)]
  0x00000147351a1010 JavaThread "Finalizer" daemon [_thread_blocked, id=40632, stack(0x0000000aec200000,0x0000000aec300000)]
  0x00000147351ef440 JavaThread "Signal Dispatcher" daemon [_thread_blocked, id=40256, stack(0x0000000aec300000,0x0000000aec400000)]
  0x00000147351f20e0 JavaThread "Attach Listener" daemon [_thread_blocked, id=5428, stack(0x0000000aec400000,0x0000000aec500000)]
  0x00000147351f3b20 JavaThread "Service Thread" daemon [_thread_blocked, id=21108, stack(0x0000000aec500000,0x0000000aec600000)]
  0x00000147351f4a00 JavaThread "Monitor Deflation Thread" daemon [_thread_blocked, id=40376, stack(0x0000000aec600000,0x0000000aec700000)]
  0x00000147351f76c0 JavaThread "C2 CompilerThread0" daemon [_thread_blocked, id=38368, stack(0x0000000aec700000,0x0000000aec800000)]
  0x00000147351fb990 JavaThread "C1 CompilerThread0" daemon [_thread_blocked, id=18472, stack(0x0000000aec800000,0x0000000aec900000)]
  0x00000147352042b0 JavaThread "Sweeper thread" daemon [_thread_blocked, id=22896, stack(0x0000000aec900000,0x0000000aeca00000)]
  0x00000147353423b0 JavaThread "C1 CompilerThread1" daemon [_thread_blocked, id=33292, stack(0x0000000aeca00000,0x0000000aecb00000)]
  0x000001473534f730 JavaThread "C1 CompilerThread2" daemon [_thread_blocked, id=31120, stack(0x0000000aecb00000,0x0000000aecc00000)]
  0x00000147353556e0 JavaThread "Notification Thread" daemon [_thread_blocked, id=39084, stack(0x0000000aecc00000,0x0000000aecd00000)]
  0x00000147353678a0 JavaThread "Common-Cleaner" daemon [_thread_blocked, id=21288, stack(0x0000000aece00000,0x0000000aecf00000)]
=>0x0000014735379280 JavaThread "C2 CompilerThread1" daemon [_thread_in_native, id=35004, stack(0x0000000aecf00000,0x0000000aed000000)]
  0x00000147357115e0 JavaThread "C1 CompilerThread3" daemon [_thread_blocked, id=45724, stack(0x0000000aed000000,0x0000000aed100000)]
  0x000001473a151960 JavaThread "C2 CompilerThread2" daemon [_thread_in_native, id=19928, stack(0x0000000aed600000,0x0000000aed700000)]
  0x000001473a65b030 JavaThread "C2 CompilerThread3" daemon [_thread_in_native, id=15868, stack(0x0000000aedf00000,0x0000000aee000000)]
  0x000001473a65b580 JavaThread "C2 CompilerThread4" daemon [_thread_blocked, id=16092, stack(0x0000000aee000000,0x0000000aee100000)]
  0x000001473be1ab00 JavaThread "C2 CompilerThread5" daemon [_thread_in_native, id=45660, stack(0x0000000aee100000,0x0000000aee200000)]
  0x000001473be1d030 JavaThread "C2 CompilerThread6" daemon [_thread_in_native, id=22924, stack(0x0000000aee400000,0x0000000aee500000)]

Other Threads:
  0x0000014735175bd0 VMThread "VM Thread" [stack: 0x0000000aec000000,0x0000000aec100000] [id=21248]
  0x0000014735355bc0 WatcherThread [stack: 0x0000000aecd00000,0x0000000aece00000] [id=17876]
  0x0000014715e7b990 GCTaskThread "GC Thread#0" [stack: 0x0000000aebb00000,0x0000000aebc00000] [id=28188]
  0x0000014735188f90 GCTaskThread "GC Thread#1" [stack: 0x0000000aed100000,0x0000000aed200000] [id=42300]
  0x0000014735188750 GCTaskThread "GC Thread#2" [stack: 0x0000000aed200000,0x0000000aed300000] [id=36720]
  0x0000014735189510 GCTaskThread "GC Thread#3" [stack: 0x0000000aed300000,0x0000000aed400000] [id=45624]
  0x00000147351881d0 GCTaskThread "GC Thread#4" [stack: 0x0000000aed400000,0x0000000aed500000] [id=38300]
  0x0000014735189250 GCTaskThread "GC Thread#5" [stack: 0x0000000aed500000,0x0000000aed600000] [id=39808]
  0x0000014735187c50 GCTaskThread "GC Thread#6" [stack: 0x0000000aed700000,0x0000000aed800000] [id=46876]
  0x0000014735187f10 GCTaskThread "GC Thread#7" [stack: 0x0000000aed800000,0x0000000aed900000] [id=22004]
  0x0000014735188490 GCTaskThread "GC Thread#8" [stack: 0x0000000aed900000,0x0000000aeda00000] [id=16224]
  0x000001473a6bd480 GCTaskThread "GC Thread#9" [stack: 0x0000000aedc00000,0x0000000aedd00000] [id=37332]
  0x000001473a6bdf80 GCTaskThread "GC Thread#10" [stack: 0x0000000aedd00000,0x0000000aede00000] [id=42672]
  0x000001473a6be240 GCTaskThread "GC Thread#11" [stack: 0x0000000aede00000,0x0000000aedf00000] [id=13884]
  0x000001473bc9fac0 GCTaskThread "GC Thread#12" [stack: 0x0000000aee300000,0x0000000aee400000] [id=21872]
  0x0000014715e8d240 ConcurrentGCThread "G1 Main Marker" [stack: 0x0000000aebc00000,0x0000000aebd00000] [id=25200]
  0x0000014715e8e310 ConcurrentGCThread "G1 Conc#0" [stack: 0x0000000aebd00000,0x0000000aebe00000] [id=47080]
  0x0000014735188a10 ConcurrentGCThread "G1 Conc#1" [stack: 0x0000000aeda00000,0x0000000aedb00000] [id=2660]
  0x000001473a6be500 ConcurrentGCThread "G1 Conc#2" [stack: 0x0000000aedb00000,0x0000000aedc00000] [id=27884]
  0x0000014715ebec90 ConcurrentGCThread "G1 Refine#0" [stack: 0x0000000aebe00000,0x0000000aebf00000] [id=13972]
  0x000001473bc52390 ConcurrentGCThread "G1 Refine#1" [stack: 0x0000000aee200000,0x0000000aee300000] [id=7528]
  0x0000014734c8d1c0 ConcurrentGCThread "G1 Service" [stack: 0x0000000aebf00000,0x0000000aec000000] [id=34932]

Threads with active compile tasks:
C2 CompilerThread1     4593 7671       4       java.lang.ClassLoader::loadClass (7 bytes)
C2 CompilerThread2     4593 7775   !   4       jdk.internal.loader.BuiltinClassLoader::findClassOnClassPathOrNull (64 bytes)
C2 CompilerThread3     4593 7830       4       jdk.internal.loader.BuiltinClassLoader::defineClass (121 bytes)
C2 CompilerThread5     4593 7672       4       jdk.internal.loader.ClassLoaders$AppClassLoader::loadClass (40 bytes)
C2 CompilerThread6     4594 7837       4       org.jetbrains.kotlin.backend.common.IrElementTransformerVoidWithContext::visitValueParameter (38 bytes)

VM state: not at safepoint (normal execution)

VM Mutex/Monitor currently owned by a thread:  ([mutex/lock_event])
[0x0000014715e0ad00] MethodData_lock - owner thread: 0x0000000000000000

Heap address: 0x0000000705c00000, size: 4004 MB, Compressed Oops mode: Zero based, Oop shift amount: 3

CDS archive(s) not mapped
Compressed class space mapped at: 0x0000000800000000-0x0000000840000000, reserved size: 1073741824
Narrow klass base: 0x0000000800000000, Narrow klass shift: 0, Narrow klass range: 0x40000000

GC Precious Log:
 CPUs: 16 total, 16 available
 Memory: 16010M
 Large Page Support: Disabled
 NUMA Support: Disabled
 Compressed Oops: Enabled (Zero based)
 Heap Region Size: 2M
 Heap Min Capacity: 8M
 Heap Initial Capacity: 252M
 Heap Max Capacity: 4004M
 Pre-touch: Disabled
 Parallel Workers: 13
 Concurrent Workers: 3
 Concurrent Refinement Workers: 13
 Periodic GC: Disabled

Heap:
 garbage-first heap   total 149504K, used 79064K [0x0000000705c00000, 0x0000000800000000)
  region size 2048K, 21 young (43008K), 3 survivors (6144K)
 Metaspace       used 65409K, committed 65664K, reserved 1114112K
  class space    used 7573K, committed 7680K, reserved 1048576K

Heap Regions: E=young(eden), S=young(survivor), O=old, HS=humongous(starts), HC=humongous(continues), CS=collection set, F=free, OA=open archive, CA=closed archive, TAMS=top-at-mark-start (previous, next)
|   0|0x0000000705c00000, 0x0000000705e00000, 0x0000000705e00000|100%|HS|  |TAMS 0x0000000705e00000, 0x0000000705c00000| Complete 
|   1|0x0000000705e00000, 0x0000000706000000, 0x0000000706000000|100%|HC|  |TAMS 0x0000000706000000, 0x0000000705e00000| Complete 
|   2|0x0000000706000000, 0x0000000706200000, 0x0000000706200000|100%| O|  |TAMS 0x0000000706200000, 0x0000000706000000| Untracked 
|   3|0x0000000706200000, 0x0000000706400000, 0x0000000706400000|100%|HS|  |TAMS 0x0000000706400000, 0x0000000706200000| Complete 
|   4|0x0000000706400000, 0x0000000706600000, 0x0000000706600000|100%| O|  |TAMS 0x0000000706600000, 0x0000000706400000| Complete 
|   5|0x0000000706600000, 0x0000000706800000, 0x0000000706800000|100%| O|  |TAMS 0x0000000706800000, 0x0000000706600000| Untracked 
|   6|0x0000000706800000, 0x0000000706a00000, 0x0000000706a00000|100%| O|  |TAMS 0x0000000706a00000, 0x0000000706800000| Untracked 
|   7|0x0000000706a00000, 0x0000000706c00000, 0x0000000706c00000|100%| O|  |TAMS 0x0000000706c00000, 0x0000000706a00000| Untracked 
|   8|0x0000000706c00000, 0x0000000706e00000, 0x0000000706e00000|100%| O|  |TAMS 0x0000000706e00000, 0x0000000706c00000| Untracked 
|   9|0x0000000706e00000, 0x0000000707000000, 0x0000000707000000|100%| O|  |TAMS 0x0000000707000000, 0x0000000706e00000| Untracked 
|  10|0x0000000707000000, 0x0000000707200000, 0x0000000707200000|100%| O|  |TAMS 0x0000000707200000, 0x0000000707000000| Untracked 
|  11|0x0000000707200000, 0x0000000707400000, 0x0000000707400000|100%| O|  |TAMS 0x0000000707400000, 0x0000000707200000| Untracked 
|  12|0x0000000707400000, 0x0000000707600000, 0x0000000707600000|100%| O|  |TAMS 0x0000000707600000, 0x0000000707400000| Untracked 
|  13|0x0000000707600000, 0x0000000707800000, 0x0000000707800000|100%| O|  |TAMS 0x0000000707800000, 0x0000000707600000| Untracked 
|  14|0x0000000707800000, 0x0000000707a00000, 0x0000000707a00000|100%| O|  |TAMS 0x00000007078a0c00, 0x0000000707800000| Untracked 
|  15|0x0000000707a00000, 0x0000000707c00000, 0x0000000707c00000|100%| O|  |TAMS 0x0000000707a00000, 0x0000000707a00000| Untracked 
|  16|0x0000000707c00000, 0x0000000707e00000, 0x0000000707e00000|100%| O|  |TAMS 0x0000000707c00000, 0x0000000707c00000| Untracked 
|  17|0x0000000707e00000, 0x0000000708000000, 0x0000000708000000|100%| O|  |TAMS 0x0000000707e00000, 0x0000000707e00000| Untracked 
|  18|0x0000000708000000, 0x0000000708136200, 0x0000000708200000| 60%| O|  |TAMS 0x0000000708000000, 0x0000000708000000| Untracked 
|  19|0x0000000708200000, 0x0000000708200000, 0x0000000708400000|  0%| F|  |TAMS 0x0000000708200000, 0x0000000708200000| Untracked 
|  20|0x0000000708400000, 0x0000000708400000, 0x0000000708600000|  0%| F|  |TAMS 0x0000000708400000, 0x0000000708400000| Untracked 
|  21|0x0000000708600000, 0x0000000708600000, 0x0000000708800000|  0%| F|  |TAMS 0x0000000708600000, 0x0000000708600000| Untracked 
|  22|0x0000000708800000, 0x0000000708800000, 0x0000000708a00000|  0%| F|  |TAMS 0x0000000708800000, 0x0000000708800000| Untracked 
|  23|0x0000000708a00000, 0x0000000708a00000, 0x0000000708c00000|  0%| F|  |TAMS 0x0000000708a00000, 0x0000000708a00000| Untracked 
|  24|0x0000000708c00000, 0x0000000708c00000, 0x0000000708e00000|  0%| F|  |TAMS 0x0000000708c00000, 0x0000000708c00000| Untracked 
|  25|0x0000000708e00000, 0x0000000708e00000, 0x0000000709000000|  0%| F|  |TAMS 0x0000000708e00000, 0x0000000708e00000| Untracked 
|  26|0x0000000709000000, 0x0000000709000000, 0x0000000709200000|  0%| F|  |TAMS 0x0000000709000000, 0x0000000709000000| Untracked 
|  27|0x0000000709200000, 0x0000000709200000, 0x0000000709400000|  0%| F|  |TAMS 0x0000000709200000, 0x0000000709200000| Untracked 
|  28|0x0000000709400000, 0x0000000709400000, 0x0000000709600000|  0%| F|  |TAMS 0x0000000709400000, 0x0000000709400000| Untracked 
|  29|0x0000000709600000, 0x0000000709600000, 0x0000000709800000|  0%| F|  |TAMS 0x0000000709600000, 0x0000000709600000| Untracked 
|  30|0x0000000709800000, 0x0000000709800000, 0x0000000709a00000|  0%| F|  |TAMS 0x0000000709800000, 0x0000000709800000| Untracked 
|  31|0x0000000709a00000, 0x0000000709a00000, 0x0000000709c00000|  0%| F|  |TAMS 0x0000000709a00000, 0x0000000709a00000| Untracked 
|  32|0x0000000709c00000, 0x0000000709c00000, 0x0000000709e00000|  0%| F|  |TAMS 0x0000000709c00000, 0x0000000709c00000| Untracked 
|  33|0x0000000709e00000, 0x0000000709e00000, 0x000000070a000000|  0%| F|  |TAMS 0x0000000709e00000, 0x0000000709e00000| Untracked 
|  34|0x000000070a000000, 0x000000070a000000, 0x000000070a200000|  0%| F|  |TAMS 0x000000070a000000, 0x000000070a000000| Untracked 
|  35|0x000000070a200000, 0x000000070a200000, 0x000000070a400000|  0%| F|  |TAMS 0x000000070a200000, 0x000000070a200000| Untracked 
|  36|0x000000070a400000, 0x000000070a400000, 0x000000070a600000|  0%| F|  |TAMS 0x000000070a400000, 0x000000070a400000| Untracked 
|  37|0x000000070a600000, 0x000000070a600000, 0x000000070a800000|  0%| F|  |TAMS 0x000000070a600000, 0x000000070a600000| Untracked 
|  38|0x000000070a800000, 0x000000070a800000, 0x000000070aa00000|  0%| F|  |TAMS 0x000000070a800000, 0x000000070a800000| Untracked 
|  39|0x000000070aa00000, 0x000000070aa00000, 0x000000070ac00000|  0%| F|  |TAMS 0x000000070aa00000, 0x000000070aa00000| Untracked 
|  40|0x000000070ac00000, 0x000000070ac00000, 0x000000070ae00000|  0%| F|  |TAMS 0x000000070ac00000, 0x000000070ac00000| Untracked 
|  41|0x000000070ae00000, 0x000000070ae00000, 0x000000070b000000|  0%| F|  |TAMS 0x000000070ae00000, 0x000000070ae00000| Untracked 
|  42|0x000000070b000000, 0x000000070b000000, 0x000000070b200000|  0%| F|  |TAMS 0x000000070b000000, 0x000000070b000000| Untracked 
|  43|0x000000070b200000, 0x000000070b200000, 0x000000070b400000|  0%| F|  |TAMS 0x000000070b200000, 0x000000070b200000| Untracked 
|  44|0x000000070b400000, 0x000000070b400000, 0x000000070b600000|  0%| F|  |TAMS 0x000000070b400000, 0x000000070b400000| Untracked 
|  45|0x000000070b600000, 0x000000070b600000, 0x000000070b800000|  0%| F|  |TAMS 0x000000070b600000, 0x000000070b600000| Untracked 
|  46|0x000000070b800000, 0x000000070b800000, 0x000000070ba00000|  0%| F|  |TAMS 0x000000070b800000, 0x000000070b800000| Untracked 
|  47|0x000000070ba00000, 0x000000070ba00000, 0x000000070bc00000|  0%| F|  |TAMS 0x000000070ba00000, 0x000000070ba00000| Untracked 
|  48|0x000000070bc00000, 0x000000070bc00000, 0x000000070be00000|  0%| F|  |TAMS 0x000000070bc00000, 0x000000070bc00000| Untracked 
|  49|0x000000070be00000, 0x000000070c000000, 0x000000070c000000|100%| S|CS|TAMS 0x000000070be00000, 0x000000070be00000| Complete 
|  50|0x000000070c000000, 0x000000070c200000, 0x000000070c200000|100%| S|CS|TAMS 0x000000070c000000, 0x000000070c000000| Complete 
|  51|0x000000070c200000, 0x000000070c400000, 0x000000070c400000|100%| S|CS|TAMS 0x000000070c200000, 0x000000070c200000| Complete 
|  52|0x000000070c400000, 0x000000070c400000, 0x000000070c600000|  0%| F|  |TAMS 0x000000070c400000, 0x000000070c400000| Untracked 
|  53|0x000000070c600000, 0x000000070c600000, 0x000000070c800000|  0%| F|  |TAMS 0x000000070c600000, 0x000000070c600000| Untracked 
|  54|0x000000070c800000, 0x000000070c800000, 0x000000070ca00000|  0%| F|  |TAMS 0x000000070c800000, 0x000000070c800000| Untracked 
|  55|0x000000070ca00000, 0x000000070cc00000, 0x000000070cc00000|100%| E|  |TAMS 0x000000070ca00000, 0x000000070ca00000| Complete 
|  56|0x000000070cc00000, 0x000000070ce00000, 0x000000070ce00000|100%| E|CS|TAMS 0x000000070cc00000, 0x000000070cc00000| Complete 
|  57|0x000000070ce00000, 0x000000070d000000, 0x000000070d000000|100%| E|CS|TAMS 0x000000070ce00000, 0x000000070ce00000| Complete 
|  58|0x000000070d000000, 0x000000070d200000, 0x000000070d200000|100%| E|CS|TAMS 0x000000070d000000, 0x000000070d000000| Complete 
|  59|0x000000070d200000, 0x000000070d400000, 0x000000070d400000|100%| E|CS|TAMS 0x000000070d200000, 0x000000070d200000| Complete 
|  60|0x000000070d400000, 0x000000070d600000, 0x000000070d600000|100%| E|CS|TAMS 0x000000070d400000, 0x000000070d400000| Complete 
|  61|0x000000070d600000, 0x000000070d800000, 0x000000070d800000|100%| E|CS|TAMS 0x000000070d600000, 0x000000070d600000| Complete 
|  62|0x000000070d800000, 0x000000070da00000, 0x000000070da00000|100%| E|CS|TAMS 0x000000070d800000, 0x000000070d800000| Complete 
|  63|0x000000070da00000, 0x000000070dc00000, 0x000000070dc00000|100%| E|CS|TAMS 0x000000070da00000, 0x000000070da00000| Complete 
|  64|0x000000070dc00000, 0x000000070de00000, 0x000000070de00000|100%| E|CS|TAMS 0x000000070dc00000, 0x000000070dc00000| Complete 
|  65|0x000000070de00000, 0x000000070e000000, 0x000000070e000000|100%| E|CS|TAMS 0x000000070de00000, 0x000000070de00000| Complete 
|  66|0x000000070e000000, 0x000000070e200000, 0x000000070e200000|100%| E|CS|TAMS 0x000000070e000000, 0x000000070e000000| Complete 
|  67|0x000000070e200000, 0x000000070e400000, 0x000000070e400000|100%| E|CS|TAMS 0x000000070e200000, 0x000000070e200000| Complete 
|  68|0x000000070e400000, 0x000000070e600000, 0x000000070e600000|100%| E|CS|TAMS 0x000000070e400000, 0x000000070e400000| Complete 
| 121|0x0000000714e00000, 0x0000000715000000, 0x0000000715000000|100%| E|CS|TAMS 0x0000000714e00000, 0x0000000714e00000| Complete 
| 122|0x0000000715000000, 0x0000000715200000, 0x0000000715200000|100%| E|CS|TAMS 0x0000000715000000, 0x0000000715000000| Complete 
| 123|0x0000000715200000, 0x0000000715400000, 0x0000000715400000|100%| E|CS|TAMS 0x0000000715200000, 0x0000000715200000| Complete 
| 125|0x0000000715600000, 0x0000000715800000, 0x0000000715800000|100%| E|CS|TAMS 0x0000000715600000, 0x0000000715600000| Complete 

Card table byte_map: [0x0000014729340000,0x0000014729b20000] _byte_map_base: 0x0000014725b12000

Marking Bits (Prev, Next): (CMBitMap*) 0x0000014715e7cf10, (CMBitMap*) 0x0000014715e7ced0
 Prev Bits: [0x000001472e190000, 0x0000014732020000)
 Next Bits: [0x000001472a300000, 0x000001472e190000)

Polling page: 0x0000014713d80000

Metaspace:

Usage:
  Non-class:     56.50 MB used.
      Class:      7.40 MB used.
       Both:     63.90 MB used.

Virtual space:
  Non-class space:       64.00 MB reserved,      56.69 MB ( 89%) committed,  1 nodes.
      Class space:        1.00 GB reserved,       7.50 MB ( <1%) committed,  1 nodes.
             Both:        1.06 GB reserved,      64.19 MB (  6%) committed. 

Chunk freelists:
   Non-Class:  7.34 MB
       Class:  8.47 MB
        Both:  15.81 MB

MaxMetaspaceSize: unlimited
CompressedClassSpaceSize: 1.00 GB
Initial GC threshold: 21.00 MB
Current GC threshold: 98.56 MB
CDS: off
MetaspaceReclaimPolicy: balanced
 - commit_granule_bytes: 65536.
 - commit_granule_words: 8192.
 - virtual_space_node_default_size: 8388608.
 - enlarge_chunks_in_place: 1.
 - new_chunks_are_fully_committed: 0.
 - uncommit_free_chunks: 1.
 - use_allocation_guard: 0.
 - handle_deallocations: 1.


Internal statistics:

num_allocs_failed_limit: 9.
num_arena_births: 234.
num_arena_deaths: 0.
num_vsnodes_births: 2.
num_vsnodes_deaths: 0.
num_space_committed: 1025.
num_space_uncommitted: 0.
num_chunks_returned_to_freelist: 9.
num_chunks_taken_from_freelist: 2173.
num_chunk_merges: 9.
num_chunk_splits: 1873.
num_chunks_enlarged: 1725.
num_inconsistent_stats: 0.

CodeHeap 'non-profiled nmethods': size=119168Kb used=4015Kb max_used=4303Kb free=115152Kb
 bounds [0x0000014720e80000, 0x00000147212c0000, 0x00000147282e0000]
CodeHeap 'profiled nmethods': size=119104Kb used=15774Kb max_used=17680Kb free=103329Kb
 bounds [0x00000147192e0000, 0x000001471a430000, 0x0000014720730000]
CodeHeap 'non-nmethods': size=7488Kb used=3052Kb max_used=3111Kb free=4435Kb
 bounds [0x0000014720730000, 0x0000014720a50000, 0x0000014720e80000]
 total_blobs=7307 nmethods=6614 adapters=600
 compilation: enabled
              stopped_count=0, restarted_count=0
 full_count=0

Compilation events (20 events):
Event: 4.570 Thread 0x000001473534f730 7817       3       org.jetbrains.kotlin.backend.common.BodyLoweringVisitor::visitDeclaration (16 bytes)
Event: 4.570 Thread 0x00000147351fb990 7818       3       org.jetbrains.kotlin.backend.common.BodyLoweringVisitor::visitValueParameter (13 bytes)
Event: 4.570 Thread 0x00000147357115e0 7819       3       org.jetbrains.kotlin.backend.common.BodyLoweringVisitor::visitValueParameter (8 bytes)
Event: 4.570 Thread 0x00000147353423b0 nmethod 7816 0x000001471a1a9a10 code [0x000001471a1a9c40, 0x000001471a1aa468]
Event: 4.570 Thread 0x000001473534f730 nmethod 7817 0x000001471a2d4a10 code [0x000001471a2d4c20, 0x000001471a2d52a8]
Event: 4.570 Thread 0x00000147353423b0 7820       3       org.jetbrains.kotlin.ir.visitors.IrElementVisitor$DefaultImpls::visitValueParameter (18 bytes)
Event: 4.570 Thread 0x000001473534f730 7821       3       org.jetbrains.kotlin.ir.visitors.IrElementVisitor$DefaultImpls::visitFunction (18 bytes)
Event: 4.571 Thread 0x00000147351fb990 nmethod 7818 0x000001471a118b10 code [0x000001471a118de0, 0x000001471a119c28]
Event: 4.571 Thread 0x00000147357115e0 nmethod 7819 0x000001471a1d0b10 code [0x000001471a1d0dc0, 0x000001471a1d1a68]
Event: 4.571 Thread 0x00000147351fb990 7822       3       org.jetbrains.kotlin.backend.common.BodyLoweringVisitor::visitFunction (13 bytes)
Event: 4.571 Thread 0x00000147357115e0 7823       3       org.jetbrains.kotlin.backend.common.BodyLoweringVisitor::visitFunction (8 bytes)
Event: 4.571 Thread 0x00000147353423b0 nmethod 7820 0x0000014719772710 code [0x0000014719772920, 0x0000014719772fa8]
Event: 4.571 Thread 0x00000147353423b0 7824       3       org.jetbrains.kotlin.backend.common.BodyLoweringVisitor::visitSimpleFunction (13 bytes)
Event: 4.571 Thread 0x000001473534f730 nmethod 7821 0x000001471a2d2990 code [0x000001471a2d2ba0, 0x000001471a2d3228]
Event: 4.571 Thread 0x000001473534f730 7825       3       org.jetbrains.kotlin.backend.common.BodyLoweringVisitor::visitSimpleFunction (8 bytes)
Event: 4.571 Thread 0x00000147351fb990 nmethod 7822 0x00000147194e4310 code [0x00000147194e45e0, 0x00000147194e5408]
Event: 4.571 Thread 0x00000147351fb990 7826       3       org.jetbrains.kotlin.ir.visitors.IrElementVisitor$DefaultImpls::visitSimpleFunction (18 bytes)
Event: 4.571 Thread 0x00000147357115e0 nmethod 7823 0x0000014719bf5490 code [0x0000014719bf5740, 0x0000014719bf63e8]
Event: 4.571 Thread 0x00000147353423b0 nmethod 7824 0x000001471a07dd10 code [0x000001471a07dfc0, 0x000001471a07ee48]
Event: 4.572 Thread 0x000001473534f730 nmethod 7825 0x0000014719d68610 code [0x0000014719d68900, 0x0000014719d698d8]

GC Heap History (20 events):
Event: 0.777 GC heap before
{Heap before GC invocations=2 (full 0):
 garbage-first heap   total 258048K, used 10240K [0x0000000705c00000, 0x0000000800000000)
  region size 2048K, 4 young (8192K), 2 survivors (4096K)
 Metaspace       used 21355K, committed 21504K, reserved 1114112K
  class space    used 2297K, committed 2368K, reserved 1048576K
}
Event: 0.780 GC heap after
{Heap after GC invocations=3 (full 0):
 garbage-first heap   total 258048K, used 8454K [0x0000000705c00000, 0x0000000800000000)
  region size 2048K, 3 young (6144K), 3 survivors (6144K)
 Metaspace       used 21355K, committed 21504K, reserved 1114112K
  class space    used 2297K, committed 2368K, reserved 1048576K
}
Event: 1.061 GC heap before
{Heap before GC invocations=4 (full 0):
 garbage-first heap   total 40960K, used 30982K [0x0000000705c00000, 0x0000000800000000)
  region size 2048K, 15 young (30720K), 3 survivors (6144K)
 Metaspace       used 29085K, committed 29312K, reserved 1114112K
  class space    used 3553K, committed 3648K, reserved 1048576K
}
Event: 1.065 GC heap after
{Heap after GC invocations=5 (full 0):
 garbage-first heap   total 40960K, used 9479K [0x0000000705c00000, 0x0000000800000000)
  region size 2048K, 3 young (6144K), 3 survivors (6144K)
 Metaspace       used 29085K, committed 29312K, reserved 1114112K
  class space    used 3553K, committed 3648K, reserved 1048576K
}
Event: 1.214 GC heap before
{Heap before GC invocations=5 (full 0):
 garbage-first heap   total 40960K, used 29959K [0x0000000705c00000, 0x0000000800000000)
  region size 2048K, 12 young (24576K), 3 survivors (6144K)
 Metaspace       used 29929K, committed 30080K, reserved 1114112K
  class space    used 3674K, committed 3712K, reserved 1048576K
}
Event: 1.221 GC heap after
{Heap after GC invocations=6 (full 0):
 garbage-first heap   total 40960K, used 16216K [0x0000000705c00000, 0x0000000800000000)
  region size 2048K, 2 young (4096K), 2 survivors (4096K)
 Metaspace       used 29929K, committed 30080K, reserved 1114112K
  class space    used 3674K, committed 3712K, reserved 1048576K
}
Event: 1.370 GC heap before
{Heap before GC invocations=6 (full 0):
 garbage-first heap   total 40960K, used 28504K [0x0000000705c00000, 0x0000000800000000)
  region size 2048K, 8 young (16384K), 2 survivors (4096K)
 Metaspace       used 33638K, committed 33856K, reserved 1114112K
  class space    used 4243K, committed 4352K, reserved 1048576K
}
Event: 1.375 GC heap after
{Heap after GC invocations=7 (full 0):
 garbage-first heap   total 40960K, used 17440K [0x0000000705c00000, 0x0000000800000000)
  region size 2048K, 1 young (2048K), 1 survivors (2048K)
 Metaspace       used 33638K, committed 33856K, reserved 1114112K
  class space    used 4243K, committed 4352K, reserved 1048576K
}
Event: 1.498 GC heap before
{Heap before GC invocations=7 (full 0):
 garbage-first heap   total 40960K, used 27680K [0x0000000705c00000, 0x0000000800000000)
  region size 2048K, 7 young (14336K), 1 survivors (2048K)
 Metaspace       used 35886K, committed 36096K, reserved 1114112K
  class space    used 4502K, committed 4608K, reserved 1048576K
}
Event: 1.501 GC heap after
{Heap after GC invocations=8 (full 0):
 garbage-first heap   total 40960K, used 17145K [0x0000000705c00000, 0x0000000800000000)
  region size 2048K, 1 young (2048K), 1 survivors (2048K)
 Metaspace       used 35886K, committed 36096K, reserved 1114112K
  class space    used 4502K, committed 4608K, reserved 1048576K
}
Event: 1.603 GC heap before
{Heap before GC invocations=9 (full 0):
 garbage-first heap   total 40960K, used 27385K [0x0000000705c00000, 0x0000000800000000)
  region size 2048K, 7 young (14336K), 1 survivors (2048K)
 Metaspace       used 38148K, committed 38400K, reserved 1114112K
  class space    used 4736K, committed 4864K, reserved 1048576K
}
Event: 1.606 GC heap after
{Heap after GC invocations=10 (full 0):
 garbage-first heap   total 40960K, used 18729K [0x0000000705c00000, 0x0000000800000000)
  region size 2048K, 1 young (2048K), 1 survivors (2048K)
 Metaspace       used 38148K, committed 38400K, reserved 1114112K
  class space    used 4736K, committed 4864K, reserved 1048576K
}
Event: 1.623 GC heap before
{Heap before GC invocations=10 (full 0):
 garbage-first heap   total 40960K, used 20777K [0x0000000705c00000, 0x0000000800000000)
  region size 2048K, 2 young (4096K), 1 survivors (2048K)
 Metaspace       used 38611K, committed 38848K, reserved 1114112K
  class space    used 4761K, committed 4864K, reserved 1048576K
}
Event: 1.626 GC heap after
{Heap after GC invocations=11 (full 0):
 garbage-first heap   total 149504K, used 18478K [0x0000000705c00000, 0x0000000800000000)
  region size 2048K, 1 young (2048K), 1 survivors (2048K)
 Metaspace       used 38611K, committed 38848K, reserved 1114112K
  class space    used 4761K, committed 4864K, reserved 1048576K
}
Event: 2.582 GC heap before
{Heap before GC invocations=11 (full 0):
 garbage-first heap   total 149504K, used 106542K [0x0000000705c00000, 0x0000000800000000)
  region size 2048K, 43 young (88064K), 1 survivors (2048K)
 Metaspace       used 50222K, committed 50432K, reserved 1114112K
  class space    used 5988K, committed 6080K, reserved 1048576K
}
Event: 2.591 GC heap after
{Heap after GC invocations=12 (full 0):
 garbage-first heap   total 149504K, used 29389K [0x0000000705c00000, 0x0000000800000000)
  region size 2048K, 5 young (10240K), 5 survivors (10240K)
 Metaspace       used 50222K, committed 50432K, reserved 1114112K
  class space    used 5988K, committed 6080K, reserved 1048576K
}
Event: 3.413 GC heap before
{Heap before GC invocations=12 (full 0):
 garbage-first heap   total 149504K, used 99021K [0x0000000705c00000, 0x0000000800000000)
  region size 2048K, 39 young (79872K), 5 survivors (10240K)
 Metaspace       used 53995K, committed 54208K, reserved 1114112K
  class space    used 6376K, committed 6464K, reserved 1048576K
}
Event: 3.428 GC heap after
{Heap after GC invocations=13 (full 0):
 garbage-first heap   total 149504K, used 38363K [0x0000000705c00000, 0x0000000800000000)
  region size 2048K, 5 young (10240K), 5 survivors (10240K)
 Metaspace       used 53995K, committed 54208K, reserved 1114112K
  class space    used 6376K, committed 6464K, reserved 1048576K
}
Event: 4.049 GC heap before
{Heap before GC invocations=13 (full 0):
 garbage-first heap   total 149504K, used 79323K [0x0000000705c00000, 0x0000000800000000)
  region size 2048K, 26 young (53248K), 5 survivors (10240K)
 Metaspace       used 60123K, committed 60288K, reserved 1114112K
  class space    used 7017K, committed 7104K, reserved 1048576K
}
Event: 4.058 GC heap after
{Heap after GC invocations=14 (full 0):
 garbage-first heap   total 149504K, used 44248K [0x0000000705c00000, 0x0000000800000000)
  region size 2048K, 3 young (6144K), 3 survivors (6144K)
 Metaspace       used 60123K, committed 60288K, reserved 1114112K
  class space    used 7017K, committed 7104K, reserved 1048576K
}

Dll operation events (2 events):
Event: 0.015 Loaded shared library C:\Program Files\Android\Android Studio1\jbr\bin\java.dll
Event: 0.931 Loaded shared library C:\Program Files\Android\Android Studio1\jbr\bin\verify.dll

Deoptimization events (20 events):
Event: 4.426 Thread 0x0000014715e0f770 Uncommon trap: trap_request=0xffffff45 fr.pc=0x000001472120d460 relative=0x0000000000007ba0
Event: 4.426 Thread 0x0000014715e0f770 Uncommon trap: reason=unstable_if action=reinterpret pc=0x000001472120d460 method=org.jetbrains.org.objectweb.asm.ClassReader.readMethod(Lorg/jetbrains/org/objectweb/asm/ClassVisitor;Lorg/jetbrains/org/objectweb/asm/Context;I)I @ 414 c2
Event: 4.426 Thread 0x0000014715e0f770 DEOPT PACKING pc=0x000001472120d460 sp=0x0000000aebafda50
Event: 4.426 Thread 0x0000014715e0f770 DEOPT UNPACKING pc=0x00000147207869a3 sp=0x0000000aebafd9e8 mode 2
Event: 4.483 Thread 0x0000014715e0f770 Uncommon trap: trap_request=0xffffffc6 fr.pc=0x0000014721280d5c relative=0x0000000000000c7c
Event: 4.483 Thread 0x0000014715e0f770 Uncommon trap: reason=bimorphic_or_optimized_type_check action=maybe_recompile pc=0x0000014721280d5c method=org.jetbrains.kotlin.ir.visitors.IrElementTransformerVoid.visitValueParameter(Lorg/jetbrains/kotlin/ir/declarations/IrValueParameter;Ljava/lang/Voi
Event: 4.483 Thread 0x0000014715e0f770 DEOPT PACKING pc=0x0000014721280d5c sp=0x0000000aebafdc00
Event: 4.483 Thread 0x0000014715e0f770 DEOPT UNPACKING pc=0x00000147207869a3 sp=0x0000000aebafdb80 mode 2
Event: 4.483 Thread 0x0000014715e0f770 Uncommon trap: trap_request=0xffffffc6 fr.pc=0x0000014721280d5c relative=0x0000000000000c7c
Event: 4.483 Thread 0x0000014715e0f770 Uncommon trap: reason=bimorphic_or_optimized_type_check action=maybe_recompile pc=0x0000014721280d5c method=org.jetbrains.kotlin.ir.visitors.IrElementTransformerVoid.visitValueParameter(Lorg/jetbrains/kotlin/ir/declarations/IrValueParameter;Ljava/lang/Voi
Event: 4.483 Thread 0x0000014715e0f770 DEOPT PACKING pc=0x0000014721280d5c sp=0x0000000aebafdba0
Event: 4.483 Thread 0x0000014715e0f770 DEOPT UNPACKING pc=0x00000147207869a3 sp=0x0000000aebafdb20 mode 2
Event: 4.486 Thread 0x0000014715e0f770 Uncommon trap: trap_request=0xffffffc6 fr.pc=0x0000014721280d5c relative=0x0000000000000c7c
Event: 4.486 Thread 0x0000014715e0f770 Uncommon trap: reason=bimorphic_or_optimized_type_check action=maybe_recompile pc=0x0000014721280d5c method=org.jetbrains.kotlin.ir.visitors.IrElementTransformerVoid.visitValueParameter(Lorg/jetbrains/kotlin/ir/declarations/IrValueParameter;Ljava/lang/Voi
Event: 4.486 Thread 0x0000014715e0f770 DEOPT PACKING pc=0x0000014721280d5c sp=0x0000000aebafdc00
Event: 4.486 Thread 0x0000014715e0f770 DEOPT UNPACKING pc=0x00000147207869a3 sp=0x0000000aebafdb80 mode 2
Event: 4.486 Thread 0x0000014715e0f770 Uncommon trap: trap_request=0xffffffc6 fr.pc=0x0000014721280d5c relative=0x0000000000000c7c
Event: 4.486 Thread 0x0000014715e0f770 Uncommon trap: reason=bimorphic_or_optimized_type_check action=maybe_recompile pc=0x0000014721280d5c method=org.jetbrains.kotlin.ir.visitors.IrElementTransformerVoid.visitValueParameter(Lorg/jetbrains/kotlin/ir/declarations/IrValueParameter;Ljava/lang/Voi
Event: 4.486 Thread 0x0000014715e0f770 DEOPT PACKING pc=0x0000014721280d5c sp=0x0000000aebafdba0
Event: 4.486 Thread 0x0000014715e0f770 DEOPT UNPACKING pc=0x00000147207869a3 sp=0x0000000aebafdb20 mode 2

Classes unloaded (0 events):
No events

Classes redefined (0 events):
No events

Internal exceptions (20 events):
Event: 2.430 Thread 0x0000014715e0f770 Exception <a 'java/lang/NoSuchMethodError'{0x0000000709e5b640}: 'java.lang.Object java.lang.invoke.DirectMethodHandle$Holder.newInvokeSpecial(java.lang.Object, java.lang.Object, java.lang.Object, java.lang.Object, java.lang.Object, java.lang.Object)'> (0x0000000709e5b640) 
thrown [s\src\hotspot\share\interpreter\linkResolver.cpp, line 771]
Event: 2.492 Thread 0x0000014715e0f770 Exception <a 'java/lang/NoSuchMethodError'{0x0000000709a40ff0}: 'java.lang.Object java.lang.invoke.DirectMethodHandle$Holder.invokeStaticInit(java.lang.Object, java.lang.Object, java.lang.Object)'> (0x0000000709a40ff0) 
thrown [s\src\hotspot\share\interpreter\linkResolver.cpp, line 771]
Event: 2.860 Thread 0x0000014715e0f770 Implicit null exception at 0x0000014720ecfc6f to 0x0000014720ecfe60
Event: 2.861 Thread 0x0000014715e0f770 Implicit null exception at 0x0000014720ee520f to 0x0000014720ee5289
Event: 2.920 Thread 0x0000014715e0f770 Exception <a 'java/lang/NoSuchMethodError'{0x000000070d2ffad8}: 'java.lang.Object java.lang.invoke.DirectMethodHandle$Holder.newInvokeSpecial(java.lang.Object, int, java.lang.Object)'> (0x000000070d2ffad8) 
thrown [s\src\hotspot\share\interpreter\linkResolver.cpp, line 771]
Event: 2.920 Thread 0x0000014715e0f770 Exception <a 'java/lang/NoSuchMethodError'{0x000000070d306398}: 'int java.lang.invoke.DirectMethodHandle$Holder.invokeInterface(java.lang.Object, java.lang.Object)'> (0x000000070d306398) 
thrown [s\src\hotspot\share\interpreter\linkResolver.cpp, line 771]
Event: 3.249 Thread 0x0000014715e0f770 Implicit null exception at 0x00000147210fa2bb to 0x00000147210fbb34
Event: 3.249 Thread 0x0000014715e0f770 Implicit null exception at 0x00000147210cad9b to 0x00000147210cb504
Event: 3.476 Thread 0x0000014715e0f770 Implicit null exception at 0x0000014720fbe64c to 0x0000014720fbe734
Event: 3.581 Thread 0x0000014715e0f770 Exception <a 'java/lang/NoSuchMethodError'{0x000000070e321af8}: 'java.lang.Object java.lang.invoke.DirectMethodHandle$Holder.invokeInterface(java.lang.Object, java.lang.Object, java.lang.Object)'> (0x000000070e321af8) 
thrown [s\src\hotspot\share\interpreter\linkResolver.cpp, line 771]
Event: 3.582 Thread 0x0000014715e0f770 Exception <a 'java/lang/IncompatibleClassChangeError'{0x000000070e325710}: Found class java.lang.Object, but interface was expected> (0x000000070e325710) 
thrown [s\src\hotspot\share\interpreter\linkResolver.cpp, line 838]
Event: 3.590 Thread 0x0000014715e0f770 Exception <a 'java/lang/NoSuchMethodError'{0x000000070e398a80}: 'java.lang.Object java.lang.invoke.DirectMethodHandle$Holder.newInvokeSpecial(java.lang.Object, java.lang.Object, java.lang.Object, java.lang.Object, java.lang.Object, java.lang.Object, java.lang.Object)'> (0x000000070e398a80) 
thrown [s\src\hotspot\share\interpreter\linkResolver.cpp, line 771]
Event: 3.590 Thread 0x0000014715e0f770 Exception <a 'java/lang/NoSuchMethodError'{0x000000070e39d638}: 'java.lang.Object java.lang.invoke.Invokers$Holder.linkToTargetMethod(java.lang.Object, java.lang.Object, java.lang.Object, java.lang.Object, java.lang.Object, java.lang.Object, java.lang.Object)'> (0x000000070e39d638) 
thrown [s\src\hotspot\share\interpreter\linkResolver.cpp, line 771]
Event: 3.616 Thread 0x0000014715e0f770 Implicit null exception at 0x0000014720f78217 to 0x0000014720f78767
Event: 3.786 Thread 0x0000014715e0f770 Implicit null exception at 0x0000014720f1d9ef to 0x0000014720f1dbe4
Event: 4.066 Thread 0x0000014715e0f770 Exception <a 'java/lang/NoSuchMethodError'{0x0000000715692140}: 'java.lang.Object java.lang.invoke.DirectMethodHandle$Holder.newInvokeSpecial(java.lang.Object, java.lang.Object, java.lang.Object, int, int)'> (0x0000000715692140) 
thrown [s\src\hotspot\share\interpreter\linkResolver.cpp, line 771]
Event: 4.067 Thread 0x0000014715e0f770 Exception <a 'java/lang/NoSuchMethodError'{0x0000000715695f80}: 'java.lang.Object java.lang.invoke.DirectMethodHandle$Holder.invokeSpecial(java.lang.Object, java.lang.Object, java.lang.Object, java.lang.Object, int, int)'> (0x0000000715695f80) 
thrown [s\src\hotspot\share\interpreter\linkResolver.cpp, line 771]
Event: 4.231 Thread 0x0000014715e0f770 Implicit null exception at 0x0000014720eec179 to 0x0000014720eec3c0
Event: 4.240 Thread 0x0000014715e0f770 Exception <a 'java/lang/NoSuchMethodError'{0x000000070e11ec28}: 'java.lang.Object java.lang.invoke.Invokers$Holder.linkToTargetMethod(java.lang.Object, java.lang.Object, int, int, java.lang.Object, java.lang.Object, java.lang.Object, java.lang.Object, java.lang.Object)'> (0x000000070e11ec28) 
thrown [s\src\hotspot\share\interpreter\linkResolver.cpp, line 771]
Event: 4.398 Thread 0x0000014715e0f770 Implicit null exception at 0x00000147212912b9 to 0x0000014721291b3f

VM Operations (20 events):
Event: 4.426 Executing VM operation: HandshakeAllThreads
Event: 4.426 Executing VM operation: HandshakeAllThreads done
Event: 4.433 Executing VM operation: HandshakeAllThreads
Event: 4.433 Executing VM operation: HandshakeAllThreads done
Event: 4.433 Executing VM operation: HandshakeAllThreads
Event: 4.433 Executing VM operation: HandshakeAllThreads done
Event: 4.434 Executing VM operation: ICBufferFull
Event: 4.434 Executing VM operation: ICBufferFull done
Event: 4.440 Executing VM operation: HandshakeAllThreads
Event: 4.440 Executing VM operation: HandshakeAllThreads done
Event: 4.441 Executing VM operation: HandshakeAllThreads
Event: 4.441 Executing VM operation: HandshakeAllThreads done
Event: 4.461 Executing VM operation: HandshakeAllThreads
Event: 4.461 Executing VM operation: HandshakeAllThreads done
Event: 4.481 Executing VM operation: HandshakeAllThreads
Event: 4.481 Executing VM operation: HandshakeAllThreads done
Event: 4.489 Executing VM operation: HandshakeAllThreads
Event: 4.489 Executing VM operation: HandshakeAllThreads done
Event: 4.489 Executing VM operation: HandshakeAllThreads
Event: 4.489 Executing VM operation: HandshakeAllThreads done

Events (20 events):
Event: 4.472 Thread 0x00000147352042b0 flushing nmethod 0x000001471a2c9e90
Event: 4.472 Thread 0x00000147352042b0 flushing nmethod 0x000001471a2cc290
Event: 4.472 Thread 0x00000147352042b0 flushing nmethod 0x000001471a2ccd10
Event: 4.472 Thread 0x00000147352042b0 flushing nmethod 0x000001471a2cd810
Event: 4.472 Thread 0x00000147352042b0 flushing nmethod 0x000001471a2ce390
Event: 4.472 Thread 0x00000147352042b0 flushing nmethod 0x000001471a2d0f90
Event: 4.472 Thread 0x00000147352042b0 flushing nmethod 0x000001471a2d2690
Event: 4.472 Thread 0x00000147352042b0 flushing nmethod 0x000001471a2d4a10
Event: 4.472 Thread 0x00000147352042b0 flushing nmethod 0x000001471a2d7690
Event: 4.472 Thread 0x00000147352042b0 flushing nmethod 0x000001471a2d9b90
Event: 4.472 Thread 0x00000147352042b0 flushing nmethod 0x000001471a304510
Event: 4.472 Thread 0x00000147352042b0 flushing nmethod 0x000001471a305610
Event: 4.472 Thread 0x00000147352042b0 flushing nmethod 0x000001471a30af10
Event: 4.472 Thread 0x00000147352042b0 flushing nmethod 0x000001471a30d090
Event: 4.472 Thread 0x00000147352042b0 flushing nmethod 0x000001471a325f90
Event: 4.472 Thread 0x00000147352042b0 flushing nmethod 0x000001471a38a190
Event: 4.472 Thread 0x00000147352042b0 flushing nmethod 0x000001471a3a3010
Event: 4.472 Thread 0x00000147352042b0 flushing nmethod 0x000001471a3d7610
Event: 4.472 Thread 0x00000147352042b0 flushing nmethod 0x000001471a3d8b90
Event: 4.472 Thread 0x00000147352042b0 flushing nmethod 0x000001471a3fd590


Dynamic libraries:
0x00007ff7ccae0000 - 0x00007ff7ccaea000 	C:\Program Files\Android\Android Studio1\jbr\bin\java.exe
0x00007fffb7210000 - 0x00007fffb7426000 	C:\WINDOWS\SYSTEM32\ntdll.dll
0x00007fffb4fc0000 - 0x00007fffb5084000 	C:\WINDOWS\System32\KERNEL32.DLL
0x00007fffb48e0000 - 0x00007fffb4c87000 	C:\WINDOWS\System32\KERNELBASE.dll
0x00007fffb4530000 - 0x00007fffb4641000 	C:\WINDOWS\System32\ucrtbase.dll
0x00007fff9a520000 - 0x00007fff9a537000 	C:\Program Files\Android\Android Studio1\jbr\bin\jli.dll
0x00007fff9bbb0000 - 0x00007fff9bbcb000 	C:\Program Files\Android\Android Studio1\jbr\bin\VCRUNTIME140.dll
0x00007fffb6770000 - 0x00007fffb691e000 	C:\WINDOWS\System32\USER32.dll
0x00007fffb4710000 - 0x00007fffb4736000 	C:\WINDOWS\System32\win32u.dll
0x00007fffb71a0000 - 0x00007fffb71c9000 	C:\WINDOWS\System32\GDI32.dll
0x00007fffb4740000 - 0x00007fffb4859000 	C:\WINDOWS\System32\gdi32full.dll
0x00007fffb4c90000 - 0x00007fffb4d2a000 	C:\WINDOWS\System32\msvcp_win.dll
0x00007fff915b0000 - 0x00007fff91843000 	C:\WINDOWS\WinSxS\amd64_microsoft.windows.common-controls_6595b64144ccf1df_6.0.22621.3235_none_270f74e173860f98\COMCTL32.dll
0x00007fffb5090000 - 0x00007fffb5137000 	C:\WINDOWS\System32\msvcrt.dll
0x00007fffb59e0000 - 0x00007fffb5a11000 	C:\WINDOWS\System32\IMM32.DLL
0x00007fffacd90000 - 0x00007fffacd9c000 	C:\Program Files\Android\Android Studio1\jbr\bin\vcruntime140_1.dll
0x00007fff7cec0000 - 0x00007fff7cf4d000 	C:\Program Files\Android\Android Studio1\jbr\bin\msvcp140.dll
0x00007fff13f60000 - 0x00007fff14be3000 	C:\Program Files\Android\Android Studio1\jbr\bin\server\jvm.dll
0x00007fffb6060000 - 0x00007fffb6112000 	C:\WINDOWS\System32\ADVAPI32.dll
0x00007fffb6120000 - 0x00007fffb61c8000 	C:\WINDOWS\System32\sechost.dll
0x00007fffb4ea0000 - 0x00007fffb4ec8000 	C:\WINDOWS\System32\bcrypt.dll
0x00007fffb5d80000 - 0x00007fffb5e95000 	C:\WINDOWS\System32\RPCRT4.dll
0x00007fffb33d0000 - 0x00007fffb341d000 	C:\WINDOWS\SYSTEM32\POWRPROF.dll
0x00007fffa9ce0000 - 0x00007fffa9ce9000 	C:\WINDOWS\SYSTEM32\WSOCK32.dll
0x00007fffa87a0000 - 0x00007fffa87aa000 	C:\WINDOWS\SYSTEM32\VERSION.dll
0x00007fffa88a0000 - 0x00007fffa88d4000 	C:\WINDOWS\SYSTEM32\WINMM.dll
0x00007fffb5b20000 - 0x00007fffb5b91000 	C:\WINDOWS\System32\WS2_32.dll
0x00007fffb33b0000 - 0x00007fffb33c3000 	C:\WINDOWS\SYSTEM32\UMPDC.dll
0x00007fffb3660000 - 0x00007fffb3678000 	C:\WINDOWS\SYSTEM32\kernel.appcore.dll
0x00007fffa8a60000 - 0x00007fffa8a6a000 	C:\Program Files\Android\Android Studio1\jbr\bin\jimage.dll
0x00007fffb1cd0000 - 0x00007fffb1f03000 	C:\WINDOWS\SYSTEM32\DBGHELP.DLL
0x00007fffb51c0000 - 0x00007fffb5548000 	C:\WINDOWS\System32\combase.dll
0x00007fffb5c00000 - 0x00007fffb5cd7000 	C:\WINDOWS\System32\OLEAUT32.dll
0x00007fffa0860000 - 0x00007fffa0892000 	C:\WINDOWS\SYSTEM32\dbgcore.DLL
0x00007fffb4860000 - 0x00007fffb48d9000 	C:\WINDOWS\System32\bcryptPrimitives.dll
0x00007fff9f570000 - 0x00007fff9f595000 	C:\Program Files\Android\Android Studio1\jbr\bin\java.dll
0x00007fffa0130000 - 0x00007fffa0148000 	C:\Program Files\Android\Android Studio1\jbr\bin\zip.dll
0x00007fffb6940000 - 0x00007fffb719c000 	C:\WINDOWS\System32\SHELL32.dll
0x00007fffb24a0000 - 0x00007fffb2d99000 	C:\WINDOWS\SYSTEM32\windows.storage.dll
0x00007fffb2360000 - 0x00007fffb249e000 	C:\WINDOWS\SYSTEM32\wintypes.dll
0x00007fffb5a20000 - 0x00007fffb5b13000 	C:\WINDOWS\System32\SHCORE.dll
0x00007fffb6400000 - 0x00007fffb645e000 	C:\WINDOWS\System32\shlwapi.dll
0x00007fffb4460000 - 0x00007fffb4481000 	C:\WINDOWS\SYSTEM32\profapi.dll
0x00007fff9f550000 - 0x00007fff9f569000 	C:\Program Files\Android\Android Studio1\jbr\bin\net.dll
0x00007fffab870000 - 0x00007fffab9a6000 	C:\WINDOWS\SYSTEM32\WINHTTP.dll
0x00007fffb3ad0000 - 0x00007fffb3b39000 	C:\WINDOWS\system32\mswsock.dll
0x00007fff9d840000 - 0x00007fff9d856000 	C:\Program Files\Android\Android Studio1\jbr\bin\nio.dll
0x00007fffa02c0000 - 0x00007fffa02d0000 	C:\Program Files\Android\Android Studio1\jbr\bin\verify.dll

dbghelp: loaded successfully - version: 4.0.5 - missing functions: none
symbol engine: initialized successfully - sym options: 0x614 - pdb path: .;C:\Program Files\Android\Android Studio1\jbr\bin;C:\WINDOWS\SYSTEM32;C:\WINDOWS\WinSxS\amd64_microsoft.windows.common-controls_6595b64144ccf1df_6.0.22621.3235_none_270f74e173860f98;C:\Program Files\Android\Android Studio1\jbr\bin\server

VM Arguments:
java_command: org.jetbrains.kotlin.cli.jvm.K2JVMCompiler @C:\Users\toler\WhiteBus_db\White_Bus_Demo\app\build\20240507_15761984873040278336.compiler.options
java_class_path (initial): C:\Users\toler\.gradle\caches\modules-2\files-2.1\org.jetbrains.kotlin\kotlin-compiler-embeddable\1.9.0\2c8c3a7402becca891f12739b3e9fd2dc2adbd7a\kotlin-compiler-embeddable-1.9.0.jar;C:\Users\toler\.gradle\caches\modules-2\files-2.1\org.jetbrains.kotlin\kotlin-stdlib\1.9.0\8ee15ef0c67dc83d874f412d84378d7f0eb50b63\kotlin-stdlib-1.9.0.jar;C:\Users\toler\.gradle\caches\modules-2\files-2.1\org.jetbrains.kotlin\kotlin-script-runtime\1.9.0\4b3102cbbb7e1b58d9d1adf89563f00069ffa7d1\kotlin-script-runtime-1.9.0.jar;C:\Users\toler\.gradle\caches\modules-2\files-2.1\org.jetbrains.kotlin\kotlin-reflect\1.6.10\1cbe9c92c12a94eea200d23c2bbaedaf3daf5132\kotlin-reflect-1.6.10.jar;C:\Users\toler\.gradle\caches\modules-2\files-2.1\org.jetbrains.kotlin\kotlin-daemon-embeddable\1.9.0\186543f5e28cf8d9a0290fecc2cf34301c40a65c\kotlin-daemon-embeddable-1.9.0.jar;C:\Users\toler\.gradle\caches\modules-2\files-2.1\org.jetbrains.intellij.deps\trove4j\1.0.20200330\3afb14d5f9ceb459d724e907a21145e8ff394f02\trove4j-1.0.20200330.jar;C:\Users\toler\.gradle\caches\modules-2\files-2.1\org.jetbrains.kotlin\kotlin-stdlib-common\1.9.0\cd65c21cfd1eec4d44ef09f9f52b6d9f8a720636\kotlin-stdlib-common-1.9.0.jar;C:\Users\toler\.gradle\caches\modules-2\files-2.1\org.jetbrains\annotations\13.0\919f0dfe192fb4e063e7dacadee7f8bb9a2672a9\annotations-13.0.jar
Launcher Type: SUN_STANDARD

[Global flags]
     intx CICompilerCount                          = 12                                        {product} {ergonomic}
     uint ConcGCThreads                            = 3                                         {product} {ergonomic}
     uint G1ConcRefinementThreads                  = 13                                        {product} {ergonomic}
   size_t G1HeapRegionSize                         = 2097152                                   {product} {ergonomic}
    uintx GCDrainStackTargetSize                   = 64                                        {product} {ergonomic}
   size_t InitialHeapSize                          = 264241152                                 {product} {ergonomic}
   size_t MarkStackSize                            = 4194304                                   {product} {ergonomic}
   size_t MaxHeapSize                              = 4198498304                                {product} {ergonomic}
   size_t MaxNewSize                               = 2518679552                                {product} {ergonomic}
   size_t MinHeapDeltaBytes                        = 2097152                                   {product} {ergonomic}
   size_t MinHeapSize                              = 8388608                                   {product} {ergonomic}
    uintx NonNMethodCodeHeapSize                   = 7602480                                {pd product} {ergonomic}
    uintx NonProfiledCodeHeapSize                  = 122027880                              {pd product} {ergonomic}
    uintx ProfiledCodeHeapSize                     = 122027880                              {pd product} {ergonomic}
    uintx ReservedCodeCacheSize                    = 251658240                              {pd product} {ergonomic}
     bool SegmentedCodeCache                       = true                                      {product} {ergonomic}
   size_t SoftMaxHeapSize                          = 4198498304                             {manageable} {ergonomic}
     bool UseCompressedClassPointers               = true                           {product lp64_product} {ergonomic}
     bool UseCompressedOops                        = true                           {product lp64_product} {ergonomic}
     bool UseG1GC                                  = true                                      {product} {ergonomic}
     bool UseLargePagesIndividualAllocation        = false                                  {pd product} {ergonomic}

Logging:
Log output configuration:
 #0: stdout all=warning uptime,level,tags
 #1: stderr all=off uptime,level,tags

Environment Variables:
JAVA_HOME=C:\Program Files\Java\jdk-19
PATH=C:\Program Files (x86)\VMware\VMware Player\bin\;C:\Program Files\Common Files\Oracle\Java\javapath;C:\Program Files\Java\jdk-19\bin;C:\WINDOWS\system32;C:\WINDOWS;C:\WINDOWS\System32\Wbem;C:\WINDOWS\System32\WindowsPowerShell\v1.0\;C:\WINDOWS\System32\OpenSSH\;C:\Program Files\nodejs\;C:\Program Files\Git\cmd;C:\Program Files\openssl-0.9.8e_X64\bin;C:\Users\toler\AppData\Local\Microsoft\WindowsApps;C:\Users\toler\OneDrive\ \flutter\bin;C:\Users\toler\AppData\Roaming\npm;C:\Users\toler\AppData\Local\Programs\Microsoft VS Code\bin;C:\Program Files\JetBrains\IntelliJ IDEA Community Edition 2023.2.5\bin;;C:\Users\toler\OneDrive\ \FLUTTER\flutter\bin;C:\Users\toler\AppData\Local\GitHubDesktop\bin
USERNAME=toler
OS=Windows_NT
PROCESSOR_IDENTIFIER=Intel64 Family 6 Model 154 Stepping 3, GenuineIntel
TMP=C:\Users\toler\AppData\Local\Temp
TEMP=C:\Users\toler\AppData\Local\Temp



Periodic native trim disabled

JNI global refs:
JNI global refs: 19, weak refs: 0

JNI global refs memory usage: 843, weak refs: 841

OOME stack traces (most recent first):
Classloader memory used:
Loader jdk.internal.loader.ClassLoaders$AppClassLoader                                 : 6886K
Loader bootstrap                                                                       : 1309K
Loader jdk.internal.reflect.DelegatingClassLoader                                      : 7363B


---------------  S Y S T E M  ---------------

OS:
 Windows 11 , 64 bit Build 22621 (10.0.22621.3374)
OS uptime: 10 days 19:45 hours

CPU: total 16 (initial active 16) (8 cores per cpu, 2 threads per core) family 6 model 154 stepping 3 microcode 0x423, cx8, cmov, fxsr, ht, mmx, 3dnowpref, sse, sse2, sse3, ssse3, sse4.1, sse4.2, popcnt, lzcnt, tsc, tscinvbit, avx, avx2, aes, erms, clmul, bmi1, bmi2, adx, sha, fma, vzeroupper, clflush, clflushopt, clwb
Processor Information for processor 0
  Max Mhz: 1700, Current Mhz: 1700, Mhz Limit: 1700
Processor Information for processor 1
  Max Mhz: 1700, Current Mhz: 1700, Mhz Limit: 1700
Processor Information for processor 2
  Max Mhz: 1700, Current Mhz: 1700, Mhz Limit: 1700
Processor Information for processor 3
  Max Mhz: 1700, Current Mhz: 1700, Mhz Limit: 1700
Processor Information for processor 4
  Max Mhz: 1700, Current Mhz: 1700, Mhz Limit: 1700
Processor Information for processor 5
  Max Mhz: 1700, Current Mhz: 1700, Mhz Limit: 1700
Processor Information for processor 6
  Max Mhz: 1700, Current Mhz: 1700, Mhz Limit: 1700
Processor Information for processor 7
  Max Mhz: 1700, Current Mhz: 1700, Mhz Limit: 1700
Processor Information for processor 8
  Max Mhz: 1700, Current Mhz: 1200, Mhz Limit: 1190
Processor Information for processor 9
  Max Mhz: 1700, Current Mhz: 1200, Mhz Limit: 1190
Processor Information for processor 10
  Max Mhz: 1700, Current Mhz: 1200, Mhz Limit: 1190
Processor Information for processor 11
  Max Mhz: 1700, Current Mhz: 1200, Mhz Limit: 1190
Processor Information for processor 12
  Max Mhz: 1700, Current Mhz: 1200, Mhz Limit: 1190
Processor Information for processor 13
  Max Mhz: 1700, Current Mhz: 1200, Mhz Limit: 1190
Processor Information for processor 14
  Max Mhz: 1700, Current Mhz: 1200, Mhz Limit: 1190
Processor Information for processor 15
  Max Mhz: 1700, Current Mhz: 1200, Mhz Limit: 1190

Memory: 4k page, system-wide physical 16010M (1940M free)
TotalPageFile size 65162M (AvailPageFile size 6M)
current process WorkingSet (physical memory assigned to process): 371M, peak: 371M
current process commit charge ("private bytes"): 432M, peak: 435M

vm_info: OpenJDK 64-Bit Server VM (17.0.9+0--11185874) for windows-amd64 JRE (17.0.9+0--11185874), built on Dec  6 2023 18:57:44 by "androidbuild" with MS VC++ 16.10 / 16.11 (VS2019)

END.
